0 info it worked if it ends with ok
1 verbose cli [ 'C:\\Program Files\\nodejs\\\\node.exe',
1 verbose cli   'C:\\Program Files\\nodejs\\node_modules\\npm\\bin\\npm-cli.js',
1 verbose cli   'install',
1 verbose cli   '--save',
1 verbose cli   'soket.io' ]
2 info using npm@1.4.28
3 info using node@v0.10.33
4 verbose node symlink C:\Program Files\nodejs\\node.exe
5 warn package.json socket-chat-example@0.0.1 No repository field.
6 warn package.json socket-chat-example@0.0.1 No README data
7 verbose readDependencies using package.json deps
8 verbose cache add [ 'soket.io', null ]
9 verbose cache add name=undefined spec="soket.io" args=["soket.io",null]
10 verbose parsed url { protocol: null,
10 verbose parsed url   slashes: null,
10 verbose parsed url   auth: null,
10 verbose parsed url   host: null,
10 verbose parsed url   port: null,
10 verbose parsed url   hostname: null,
10 verbose parsed url   hash: null,
10 verbose parsed url   search: null,
10 verbose parsed url   query: null,
10 verbose parsed url   pathname: 'soket.io',
10 verbose parsed url   path: 'soket.io',
10 verbose parsed url   href: 'soket.io' }
11 silly lockFile ab937290-soket-io soket.io
12 verbose lock soket.io C:\Users\sonld\AppData\Roaming\npm-cache\ab937290-soket-io.lock
13 silly lockFile ab937290-soket-io soket.io
14 silly lockFile ab937290-soket-io soket.io
15 verbose addNamed [ 'soket.io', '' ]
16 verbose addNamed [ null, '*' ]
17 silly lockFile 6f3f5c88-soket-io soket.io@
18 verbose lock soket.io@ C:\Users\sonld\AppData\Roaming\npm-cache\6f3f5c88-soket-io.lock
19 silly addNameRange { name: 'soket.io', range: '*', hasData: false }
20 verbose request where is /soket.io
21 verbose request registry https://registry.npmjs.org/
22 verbose request id e60206e0c7b0856f
23 verbose url raw /soket.io
24 verbose url resolving [ 'https://registry.npmjs.org/', './soket.io' ]
25 verbose url resolved https://registry.npmjs.org/soket.io
26 verbose request where is https://registry.npmjs.org/soket.io
27 info trying registry request attempt 1 at 14:55:53
28 http GET https://registry.npmjs.org/soket.io
29 http 404 https://registry.npmjs.org/soket.io
30 verbose headers { date: 'Wed, 04 Feb 2015 07:56:04 GMT',
30 verbose headers   server: 'CouchDB/1.5.0 (Erlang OTP/R16B03)',
30 verbose headers   'content-type': 'application/json',
30 verbose headers   'cache-control': 'max-age=0',
30 verbose headers   'content-length': '52',
30 verbose headers   'accept-ranges': 'bytes',
30 verbose headers   via: '1.1 varnish',
30 verbose headers   age: '0',
30 verbose headers   'x-served-by': 'cache-lax1426-LAX',
30 verbose headers   'x-cache': 'MISS',
30 verbose headers   'x-cache-hits': '0',
30 verbose headers   'x-timer': 'S1423036563.960018,VS0,VE47',
30 verbose headers   'keep-alive': 'timeout=10, max=50',
30 verbose headers   connection: 'Keep-Alive' }
31 silly registry.get cb [ 404,
31 silly registry.get   { date: 'Wed, 04 Feb 2015 07:56:04 GMT',
31 silly registry.get     server: 'CouchDB/1.5.0 (Erlang OTP/R16B03)',
31 silly registry.get     'content-type': 'application/json',
31 silly registry.get     'cache-control': 'max-age=0',
31 silly registry.get     'content-length': '52',
31 silly registry.get     'accept-ranges': 'bytes',
31 silly registry.get     via: '1.1 varnish',
31 silly registry.get     age: '0',
31 silly registry.get     'x-served-by': 'cache-lax1426-LAX',
31 silly registry.get     'x-cache': 'MISS',
31 silly registry.get     'x-cache-hits': '0',
31 silly registry.get     'x-timer': 'S1423036563.960018,VS0,VE47',
31 silly registry.get     'keep-alive': 'timeout=10, max=50',
31 silly registry.get     connection: 'Keep-Alive' } ]
32 silly lockFile 6f3f5c88-soket-io soket.io@
33 silly lockFile 6f3f5c88-soket-io soket.io@
34 error 404 404 Not Found: soket.io
34 error 404
34 error 404 'soket.io' is not in the npm registry.
34 error 404 You should bug the author to publish it
34 error 404 It was specified as a dependency of 'socket-chat-example'
34 error 404
34 error 404 Note that you can also install from a
34 error 404 tarball, folder, or http url, or git url.
35 error System Windows_NT 6.2.9200
36 error command "C:\\Program Files\\nodejs\\\\node.exe" "C:\\Program Files\\nodejs\\node_modules\\npm\\bin\\npm-cli.js" "install" "--save" "soket.io"
37 error cwd E:\LesonWork\project\demo\nodejs\node2
38 error node -v v0.10.33
39 error npm -v 1.4.28
40 error code E404
41 verbose exit [ 1, true ]
